This file contains any messages produced by compilers while
running configure, to aid debugging if configure makes a mistake.

It was created by KLEE configure 0.01, which was
generated by GNU Autoconf 2.60.  Invocation command line was

  $ ./configure --with-llvm=/home/wei/Documents/code/klee2.7/llvm-2.7/ --with-uclibc=/home/wei/Documents/code/klee2.7/klee-uclibc --enable-posix-runtime --with-stp=/home/wei/Documents/code/klee2.7/stp/stp/install/

## --------- ##
## Platform. ##
## --------- ##

hostname = wei-desktop
uname -m = i686
uname -r = 2.6.32-24-generic
uname -s = Linux
uname -v = #42-Ubuntu SMP Fri Aug 20 14:24:04 UTC 2010

/usr/bin/uname -p = unknown
/bin/uname -X     = unknown

/bin/arch              = unknown
/usr/bin/arch -k       = unknown
/usr/convex/getsysinfo = unknown
/usr/bin/hostinfo      = unknown
/bin/machine           = unknown
/usr/bin/oslevel       = unknown
/bin/universe          = unknown

PATH: /home/wei/Documents/llvm/install/bin
PATH: /home/wei/Documents/llvm/llvm-obj/Release/bin
PATH: /home/wei/bin
PATH: /usr/local/sbin
PATH: /usr/local/bin
PATH: /usr/sbin
PATH: /usr/bin
PATH: /sbin
PATH: /bin
PATH: /usr/games
PATH: /opt/JavaIDE/apache-maven-2.1.0/bin


## ----------- ##
## Core tests. ##
## ----------- ##

configure:1807: checking build system type
configure:1825: result: i686-pc-linux-gnu
configure:1847: checking host system type
configure:1862: result: i686-pc-linux-gnu
configure:1884: checking target system type
configure:1899: result: i686-pc-linux-gnu
configure:1928: checking type of operating system we're going to host on
configure:1940: result: 
configure:1951: checking llvm source dir
configure:2006: result: /home/wei/Documents/code/klee2.7/llvm-2.7
configure:2009: checking llvm obj dir
configure:2011: result: /home/wei/Documents/code/klee2.7/llvm-2.7
configure:2019: checking llvm package version
configure:2022: result: 2.7
configure:2027: checking llvm version major
configure:2030: result: 2
configure:2033: checking llvm version minor
configure:2036: result: 7
configure:2039: checking llvm is release version
configure:2047: result: 1
configure:2085: checking uclibc
configure:2096: result: /home/wei/Documents/code/klee2.7/klee-uclibc
configure:2127: checking POSIX runtime
configure:2146: result: yes
configure:2176: checking runtime configuration
configure:2179: result: Release
configure:2272: checking for gcc
configure:2288: found /usr/bin/gcc
configure:2299: result: gcc
configure:2537: checking for C compiler version
configure:2544: gcc --version >&5
gcc (Ubuntu 4.4.3-4ubuntu5) 4.4.3
Copyright (C) 2009 Free Software Foundation, Inc.
This is free software; see the source for copying conditions.  There is NO
warranty; not even for MERCHANTABILITY or FITNESS FOR A PARTICULAR PURPOSE.

configure:2547: $? = 0
configure:2554: gcc -v >&5
Using built-in specs.
Target: i486-linux-gnu
Configured with: ../src/configure -v --with-pkgversion='Ubuntu 4.4.3-4ubuntu5' --with-bugurl=file:///usr/share/doc/gcc-4.4/README.Bugs --enable-languages=c,c++,fortran,objc,obj-c++ --prefix=/usr --enable-shared --enable-multiarch --enable-linker-build-id --with-system-zlib --libexecdir=/usr/lib --without-included-gettext --enable-threads=posix --with-gxx-include-dir=/usr/include/c++/4.4 --program-suffix=-4.4 --enable-nls --enable-clocale=gnu --enable-libstdcxx-debug --enable-plugin --enable-objc-gc --enable-targets=all --disable-werror --with-arch-32=i486 --with-tune=generic --enable-checking=release --build=i486-linux-gnu --host=i486-linux-gnu --target=i486-linux-gnu
Thread model: posix
gcc version 4.4.3 (Ubuntu 4.4.3-4ubuntu5) 
configure:2557: $? = 0
configure:2564: gcc -V >&5
gcc: '-V' option must have argument
configure:2567: $? = 1
configure:2590: checking for C compiler default output file name
configure:2617: gcc    conftest.c  >&5
configure:2620: $? = 0
configure:2666: result: a.out
configure:2671: checking whether the C compiler works
configure:2681: ./a.out
configure:2684: $? = 0
configure:2701: result: yes
configure:2708: checking whether we are cross compiling
configure:2710: result: no
configure:2713: checking for suffix of executables
configure:2720: gcc -o conftest    conftest.c  >&5
configure:2723: $? = 0
configure:2747: result: 
configure:2753: checking for suffix of object files
configure:2779: gcc -c   conftest.c >&5
configure:2782: $? = 0
configure:2805: result: o
configure:2809: checking whether we are using the GNU C compiler
configure:2838: gcc -c   conftest.c >&5
configure:2844: $? = 0
configure:2851: test -z "$ac_c_werror_flag" || test ! -s conftest.err
configure:2854: $? = 0
configure:2861: test -s conftest.o
configure:2864: $? = 0
configure:2878: result: yes
configure:2883: checking whether gcc accepts -g
configure:2913: gcc -c -g  conftest.c >&5
configure:2919: $? = 0
configure:2926: test -z "$ac_c_werror_flag" || test ! -s conftest.err
configure:2929: $? = 0
configure:2936: test -s conftest.o
configure:2939: $? = 0
configure:3069: result: yes
configure:3086: checking for gcc option to accept ISO C89
configure:3160: gcc  -c -g -O2  conftest.c >&5
configure:3166: $? = 0
configure:3173: test -z "$ac_c_werror_flag" || test ! -s conftest.err
configure:3176: $? = 0
configure:3183: test -s conftest.o
configure:3186: $? = 0
configure:3206: result: none needed
configure:3230: checking how to run the C preprocessor
configure:3270: gcc -E  conftest.c
configure:3276: $? = 0
configure:3314: gcc -E  conftest.c
conftest.c:14:28: error: ac_nonexistent.h: No such file or directory
configure:3320: $? = 1
configure: failed program was:
| /* confdefs.h.  */
| #define PACKAGE_NAME "KLEE"
| #define PACKAGE_TARNAME "-klee-"
| #define PACKAGE_VERSION "0.01"
| #define PACKAGE_STRING "KLEE 0.01"
| #define PACKAGE_BUGREPORT "daniel@minormatter.com"
| #define LLVM_VERSION_MAJOR 2
| #define LLVM_VERSION_MINOR 7
| #define LLVM_IS_RELEASE 1
| #define KLEE_UCLIBC "/home/wei/Documents/code/klee2.7/klee-uclibc"
| #define RUNTIME_CONFIGURATION "Release"
| #define HAVE_CTYPE_EXTERNALS 1
| /* end confdefs.h.  */
| #include <ac_nonexistent.h>
configure:3360: result: gcc -E
configure:3389: gcc -E  conftest.c
configure:3395: $? = 0
configure:3433: gcc -E  conftest.c
conftest.c:14:28: error: ac_nonexistent.h: No such file or directory
configure:3439: $? = 1
configure: failed program was:
| /* confdefs.h.  */
| #define PACKAGE_NAME "KLEE"
| #define PACKAGE_TARNAME "-klee-"
| #define PACKAGE_VERSION "0.01"
| #define PACKAGE_STRING "KLEE 0.01"
| #define PACKAGE_BUGREPORT "daniel@minormatter.com"
| #define LLVM_VERSION_MAJOR 2
| #define LLVM_VERSION_MINOR 7
| #define LLVM_IS_RELEASE 1
| #define KLEE_UCLIBC "/home/wei/Documents/code/klee2.7/klee-uclibc"
| #define RUNTIME_CONFIGURATION "Release"
| #define HAVE_CTYPE_EXTERNALS 1
| /* end confdefs.h.  */
| #include <ac_nonexistent.h>
configure:3484: checking for grep that handles long lines and -e
configure:3558: result: /bin/grep
configure:3563: checking for egrep
configure:3641: result: /bin/grep -E
configure:3646: checking for ANSI C header files
configure:3676: gcc -c -g -O2  conftest.c >&5
configure:3682: $? = 0
configure:3689: test -z "$ac_c_werror_flag" || test ! -s conftest.err
configure:3692: $? = 0
configure:3699: test -s conftest.o
configure:3702: $? = 0
configure:3798: gcc -o conftest -g -O2   conftest.c  >&5
configure:3801: $? = 0
configure:3807: ./conftest
configure:3810: $? = 0
configure:3827: result: yes
configure:3851: checking for sys/types.h
configure:3872: gcc -c -g -O2  conftest.c >&5
configure:3878: $? = 0
configure:3885: test -z "$ac_c_werror_flag" || test ! -s conftest.err
configure:3888: $? = 0
configure:3895: test -s conftest.o
configure:3898: $? = 0
configure:3911: result: yes
configure:3851: checking for sys/stat.h
configure:3872: gcc -c -g -O2  conftest.c >&5
configure:3878: $? = 0
configure:3885: test -z "$ac_c_werror_flag" || test ! -s conftest.err
configure:3888: $? = 0
configure:3895: test -s conftest.o
configure:3898: $? = 0
configure:3911: result: yes
configure:3851: checking for stdlib.h
configure:3872: gcc -c -g -O2  conftest.c >&5
configure:3878: $? = 0
configure:3885: test -z "$ac_c_werror_flag" || test ! -s conftest.err
configure:3888: $? = 0
configure:3895: test -s conftest.o
configure:3898: $? = 0
configure:3911: result: yes
configure:3851: checking for string.h
configure:3872: gcc -c -g -O2  conftest.c >&5
configure:3878: $? = 0
configure:3885: test -z "$ac_c_werror_flag" || test ! -s conftest.err
configure:3888: $? = 0
configure:3895: test -s conftest.o
configure:3898: $? = 0
configure:3911: result: yes
configure:3851: checking for memory.h
configure:3872: gcc -c -g -O2  conftest.c >&5
configure:3878: $? = 0
configure:3885: test -z "$ac_c_werror_flag" || test ! -s conftest.err
configure:3888: $? = 0
configure:3895: test -s conftest.o
configure:3898: $? = 0
configure:3911: result: yes
configure:3851: checking for strings.h
configure:3872: gcc -c -g -O2  conftest.c >&5
configure:3878: $? = 0
configure:3885: test -z "$ac_c_werror_flag" || test ! -s conftest.err
configure:3888: $? = 0
configure:3895: test -s conftest.o
configure:3898: $? = 0
configure:3911: result: yes
configure:3851: checking for inttypes.h
configure:3872: gcc -c -g -O2  conftest.c >&5
configure:3878: $? = 0
configure:3885: test -z "$ac_c_werror_flag" || test ! -s conftest.err
configure:3888: $? = 0
configure:3895: test -s conftest.o
configure:3898: $? = 0
configure:3911: result: yes
configure:3851: checking for stdint.h
configure:3872: gcc -c -g -O2  conftest.c >&5
configure:3878: $? = 0
configure:3885: test -z "$ac_c_werror_flag" || test ! -s conftest.err
configure:3888: $? = 0
configure:3895: test -s conftest.o
configure:3898: $? = 0
configure:3911: result: yes
configure:3851: checking for unistd.h
configure:3872: gcc -c -g -O2  conftest.c >&5
configure:3878: $? = 0
configure:3885: test -z "$ac_c_werror_flag" || test ! -s conftest.err
configure:3888: $? = 0
configure:3895: test -s conftest.o
configure:3898: $? = 0
configure:3911: result: yes
configure:3938: checking sys/acl.h usability
configure:3955: gcc -c -g -O2  conftest.c >&5
conftest.c:57:21: error: sys/acl.h: No such file or directory
configure:3961: $? = 1
configure: failed program was:
| /* confdefs.h.  */
| #define PACKAGE_NAME "KLEE"
| #define PACKAGE_TARNAME "-klee-"
| #define PACKAGE_VERSION "0.01"
| #define PACKAGE_STRING "KLEE 0.01"
| #define PACKAGE_BUGREPORT "daniel@minormatter.com"
| #define LLVM_VERSION_MAJOR 2
| #define LLVM_VERSION_MINOR 7
| #define LLVM_IS_RELEASE 1
| #define KLEE_UCLIBC "/home/wei/Documents/code/klee2.7/klee-uclibc"
| #define RUNTIME_CONFIGURATION "Release"
| #define HAVE_CTYPE_EXTERNALS 1
| #define STDC_HEADERS 1
| #define HAVE_SYS_TYPES_H 1
| #define HAVE_SYS_STAT_H 1
| #define HAVE_STDLIB_H 1
| #define HAVE_STRING_H 1
| #define HAVE_MEMORY_H 1
| #define HAVE_STRINGS_H 1
| #define HAVE_INTTYPES_H 1
| #define HAVE_STDINT_H 1
| #define HAVE_UNISTD_H 1
| /* end confdefs.h.  */
| #include <stdio.h>
| #if HAVE_SYS_TYPES_H
| # include <sys/types.h>
| #endif
| #if HAVE_SYS_STAT_H
| # include <sys/stat.h>
| #endif
| #if STDC_HEADERS
| # include <stdlib.h>
| # include <stddef.h>
| #else
| # if HAVE_STDLIB_H
| #  include <stdlib.h>
| # endif
| #endif
| #if HAVE_STRING_H
| # if !STDC_HEADERS && HAVE_MEMORY_H
| #  include <memory.h>
| # endif
| # include <string.h>
| #endif
| #if HAVE_STRINGS_H
| # include <strings.h>
| #endif
| #if HAVE_INTTYPES_H
| # include <inttypes.h>
| #endif
| #if HAVE_STDINT_H
| # include <stdint.h>
| #endif
| #if HAVE_UNISTD_H
| # include <unistd.h>
| #endif
| #include <sys/acl.h>
configure:3992: result: no
configure:3996: checking sys/acl.h presence
configure:4011: gcc -E  conftest.c
conftest.c:24:21: error: sys/acl.h: No such file or directory
configure:4017: $? = 1
configure: failed program was:
| /* confdefs.h.  */
| #define PACKAGE_NAME "KLEE"
| #define PACKAGE_TARNAME "-klee-"
| #define PACKAGE_VERSION "0.01"
| #define PACKAGE_STRING "KLEE 0.01"
| #define PACKAGE_BUGREPORT "daniel@minormatter.com"
| #define LLVM_VERSION_MAJOR 2
| #define LLVM_VERSION_MINOR 7
| #define LLVM_IS_RELEASE 1
| #define KLEE_UCLIBC "/home/wei/Documents/code/klee2.7/klee-uclibc"
| #define RUNTIME_CONFIGURATION "Release"
| #define HAVE_CTYPE_EXTERNALS 1
| #define STDC_HEADERS 1
| #define HAVE_SYS_TYPES_H 1
| #define HAVE_SYS_STAT_H 1
| #define HAVE_STDLIB_H 1
| #define HAVE_STRING_H 1
| #define HAVE_MEMORY_H 1
| #define HAVE_STRINGS_H 1
| #define HAVE_INTTYPES_H 1
| #define HAVE_STDINT_H 1
| #define HAVE_UNISTD_H 1
| /* end confdefs.h.  */
| #include <sys/acl.h>
configure:4038: result: no
configure:4071: checking for sys/acl.h
configure:4079: result: no
configure:4158: checking for g++
configure:4174: found /usr/bin/g++
configure:4185: result: g++
configure:4216: checking for C++ compiler version
configure:4223: g++ --version >&5
g++ (Ubuntu 4.4.3-4ubuntu5) 4.4.3
Copyright (C) 2009 Free Software Foundation, Inc.
This is free software; see the source for copying conditions.  There is NO
warranty; not even for MERCHANTABILITY or FITNESS FOR A PARTICULAR PURPOSE.

configure:4226: $? = 0
configure:4233: g++ -v >&5
Using built-in specs.
Target: i486-linux-gnu
Configured with: ../src/configure -v --with-pkgversion='Ubuntu 4.4.3-4ubuntu5' --with-bugurl=file:///usr/share/doc/gcc-4.4/README.Bugs --enable-languages=c,c++,fortran,objc,obj-c++ --prefix=/usr --enable-shared --enable-multiarch --enable-linker-build-id --with-system-zlib --libexecdir=/usr/lib --without-included-gettext --enable-threads=posix --with-gxx-include-dir=/usr/include/c++/4.4 --program-suffix=-4.4 --enable-nls --enable-clocale=gnu --enable-libstdcxx-debug --enable-plugin --enable-objc-gc --enable-targets=all --disable-werror --with-arch-32=i486 --with-tune=generic --enable-checking=release --build=i486-linux-gnu --host=i486-linux-gnu --target=i486-linux-gnu
Thread model: posix
gcc version 4.4.3 (Ubuntu 4.4.3-4ubuntu5) 
configure:4236: $? = 0
configure:4243: g++ -V >&5
g++: '-V' option must have argument
configure:4246: $? = 1
configure:4249: checking whether we are using the GNU C++ compiler
configure:4278: g++ -c   conftest.cpp >&5
configure:4284: $? = 0
configure:4291: test -z "$ac_cxx_werror_flag" || test ! -s conftest.err
configure:4294: $? = 0
configure:4301: test -s conftest.o
configure:4304: $? = 0
configure:4318: result: yes
configure:4323: checking whether g++ accepts -g
configure:4353: g++ -c -g  conftest.cpp >&5
configure:4359: $? = 0
configure:4366: test -z "$ac_cxx_werror_flag" || test ! -s conftest.err
configure:4369: $? = 0
configure:4376: test -s conftest.o
configure:4379: $? = 0
configure:4509: result: yes
configure:4538: checking how to run the C++ preprocessor
configure:4574: g++ -E  conftest.cpp
configure:4580: $? = 0
configure:4618: g++ -E  conftest.cpp
conftest.cpp:24:28: error: ac_nonexistent.h: No such file or directory
configure:4624: $? = 1
configure: failed program was:
| /* confdefs.h.  */
| #define PACKAGE_NAME "KLEE"
| #define PACKAGE_TARNAME "-klee-"
| #define PACKAGE_VERSION "0.01"
| #define PACKAGE_STRING "KLEE 0.01"
| #define PACKAGE_BUGREPORT "daniel@minormatter.com"
| #define LLVM_VERSION_MAJOR 2
| #define LLVM_VERSION_MINOR 7
| #define LLVM_IS_RELEASE 1
| #define KLEE_UCLIBC "/home/wei/Documents/code/klee2.7/klee-uclibc"
| #define RUNTIME_CONFIGURATION "Release"
| #define HAVE_CTYPE_EXTERNALS 1
| #define STDC_HEADERS 1
| #define HAVE_SYS_TYPES_H 1
| #define HAVE_SYS_STAT_H 1
| #define HAVE_STDLIB_H 1
| #define HAVE_STRING_H 1
| #define HAVE_MEMORY_H 1
| #define HAVE_STRINGS_H 1
| #define HAVE_INTTYPES_H 1
| #define HAVE_STDINT_H 1
| #define HAVE_UNISTD_H 1
| /* end confdefs.h.  */
| #include <ac_nonexistent.h>
configure:4664: result: g++ -E
configure:4693: g++ -E  conftest.cpp
configure:4699: $? = 0
configure:4737: g++ -E  conftest.cpp
conftest.cpp:24:28: error: ac_nonexistent.h: No such file or directory
configure:4743: $? = 1
configure: failed program was:
| /* confdefs.h.  */
| #define PACKAGE_NAME "KLEE"
| #define PACKAGE_TARNAME "-klee-"
| #define PACKAGE_VERSION "0.01"
| #define PACKAGE_STRING "KLEE 0.01"
| #define PACKAGE_BUGREPORT "daniel@minormatter.com"
| #define LLVM_VERSION_MAJOR 2
| #define LLVM_VERSION_MINOR 7
| #define LLVM_IS_RELEASE 1
| #define KLEE_UCLIBC "/home/wei/Documents/code/klee2.7/klee-uclibc"
| #define RUNTIME_CONFIGURATION "Release"
| #define HAVE_CTYPE_EXTERNALS 1
| #define STDC_HEADERS 1
| #define HAVE_SYS_TYPES_H 1
| #define HAVE_SYS_STAT_H 1
| #define HAVE_STDLIB_H 1
| #define HAVE_STRING_H 1
| #define HAVE_MEMORY_H 1
| #define HAVE_STRINGS_H 1
| #define HAVE_INTTYPES_H 1
| #define HAVE_STDINT_H 1
| #define HAVE_UNISTD_H 1
| /* end confdefs.h.  */
| #include <ac_nonexistent.h>
configure:4803: checking selinux/selinux.h usability
configure:4820: g++ -c -g -O2  conftest.cpp >&5
conftest.cpp:57:29: error: selinux/selinux.h: No such file or directory
configure:4826: $? = 1
configure: failed program was:
| /* confdefs.h.  */
| #define PACKAGE_NAME "KLEE"
| #define PACKAGE_TARNAME "-klee-"
| #define PACKAGE_VERSION "0.01"
| #define PACKAGE_STRING "KLEE 0.01"
| #define PACKAGE_BUGREPORT "daniel@minormatter.com"
| #define LLVM_VERSION_MAJOR 2
| #define LLVM_VERSION_MINOR 7
| #define LLVM_IS_RELEASE 1
| #define KLEE_UCLIBC "/home/wei/Documents/code/klee2.7/klee-uclibc"
| #define RUNTIME_CONFIGURATION "Release"
| #define HAVE_CTYPE_EXTERNALS 1
| #define STDC_HEADERS 1
| #define HAVE_SYS_TYPES_H 1
| #define HAVE_SYS_STAT_H 1
| #define HAVE_STDLIB_H 1
| #define HAVE_STRING_H 1
| #define HAVE_MEMORY_H 1
| #define HAVE_STRINGS_H 1
| #define HAVE_INTTYPES_H 1
| #define HAVE_STDINT_H 1
| #define HAVE_UNISTD_H 1
| /* end confdefs.h.  */
| #include <stdio.h>
| #if HAVE_SYS_TYPES_H
| # include <sys/types.h>
| #endif
| #if HAVE_SYS_STAT_H
| # include <sys/stat.h>
| #endif
| #if STDC_HEADERS
| # include <stdlib.h>
| # include <stddef.h>
| #else
| # if HAVE_STDLIB_H
| #  include <stdlib.h>
| # endif
| #endif
| #if HAVE_STRING_H
| # if !STDC_HEADERS && HAVE_MEMORY_H
| #  include <memory.h>
| # endif
| # include <string.h>
| #endif
| #if HAVE_STRINGS_H
| # include <strings.h>
| #endif
| #if HAVE_INTTYPES_H
| # include <inttypes.h>
| #endif
| #if HAVE_STDINT_H
| # include <stdint.h>
| #endif
| #if HAVE_UNISTD_H
| # include <unistd.h>
| #endif
| #include <selinux/selinux.h>
configure:4857: result: no
configure:4861: checking selinux/selinux.h presence
configure:4876: g++ -E  conftest.cpp
conftest.cpp:24:29: error: selinux/selinux.h: No such file or directory
configure:4882: $? = 1
configure: failed program was:
| /* confdefs.h.  */
| #define PACKAGE_NAME "KLEE"
| #define PACKAGE_TARNAME "-klee-"
| #define PACKAGE_VERSION "0.01"
| #define PACKAGE_STRING "KLEE 0.01"
| #define PACKAGE_BUGREPORT "daniel@minormatter.com"
| #define LLVM_VERSION_MAJOR 2
| #define LLVM_VERSION_MINOR 7
| #define LLVM_IS_RELEASE 1
| #define KLEE_UCLIBC "/home/wei/Documents/code/klee2.7/klee-uclibc"
| #define RUNTIME_CONFIGURATION "Release"
| #define HAVE_CTYPE_EXTERNALS 1
| #define STDC_HEADERS 1
| #define HAVE_SYS_TYPES_H 1
| #define HAVE_SYS_STAT_H 1
| #define HAVE_STDLIB_H 1
| #define HAVE_STRING_H 1
| #define HAVE_MEMORY_H 1
| #define HAVE_STRINGS_H 1
| #define HAVE_INTTYPES_H 1
| #define HAVE_STDINT_H 1
| #define HAVE_UNISTD_H 1
| /* end confdefs.h.  */
| #include <selinux/selinux.h>
configure:4903: result: no
configure:4936: checking for selinux/selinux.h
configure:4944: result: no
configure:4987: checking stp/c_interface.h usability
configure:5004: g++ -c -g -O2  -I/home/wei/Documents/code/klee2.7/stp/stp/install/include conftest.cpp >&5
configure:5010: $? = 0
configure:5017: test -z "$ac_cxx_werror_flag" || test ! -s conftest.err
configure:5020: $? = 0
configure:5027: test -s conftest.o
configure:5030: $? = 0
configure:5041: result: yes
configure:5045: checking stp/c_interface.h presence
configure:5060: g++ -E  -I/home/wei/Documents/code/klee2.7/stp/stp/install/include conftest.cpp
configure:5066: $? = 0
configure:5087: result: yes
configure:5120: checking for stp/c_interface.h
configure:5127: result: yes
configure:5145: checking for vc_setInterfaceFlags in -lstp
configure:5180: g++ -o conftest -g -O2   conftest.cpp -lstp -L/home/wei/Documents/code/klee2.7/stp/stp/install/lib  >&5
configure:5186: $? = 0
configure:5193: test -z "$ac_cxx_werror_flag" || test ! -s conftest.err
configure:5196: $? = 0
configure:5203: test -s conftest
configure:5206: $? = 0
configure:5220: result: yes
configure:5378: creating ./config.status

## ---------------------- ##
## Running config.status. ##
## ---------------------- ##

This file was extended by KLEE config.status 0.01, which was
generated by GNU Autoconf 2.60.  Invocation command line was

  CONFIG_FILES    = 
  CONFIG_HEADERS  = 
  CONFIG_LINKS    = 
  CONFIG_COMMANDS = 
  $ ./config.status 

on wei-desktop

config.status:627: creating Makefile.config
config.status:627: creating include/klee/Config/config.h
config.status:861: executing setup commands
config.status:861: executing Makefile commands
config.status:861: executing Makefile.common commands
config.status:861: executing lib/Makefile commands
config.status:861: executing runtime/Makefile commands
config.status:861: executing stp/Makefile commands
config.status:861: executing test/Makefile commands
config.status:861: executing test/Makefile.tests commands
config.status:861: executing tools/Makefile commands
config.status:861: executing unittests/Makefile commands

## ---------------- ##
## Cache variables. ##
## ---------------- ##

ac_cv_build=i686-pc-linux-gnu
ac_cv_c_compiler_gnu=yes
ac_cv_cxx_compiler_gnu=yes
ac_cv_env_CCC_set=
ac_cv_env_CCC_value=
ac_cv_env_CC_set=
ac_cv_env_CC_value=
ac_cv_env_CFLAGS_set=
ac_cv_env_CFLAGS_value=
ac_cv_env_CPPFLAGS_set=
ac_cv_env_CPPFLAGS_value=
ac_cv_env_CPP_set=
ac_cv_env_CPP_value=
ac_cv_env_CXXCPP_set=
ac_cv_env_CXXCPP_value=
ac_cv_env_CXXFLAGS_set=
ac_cv_env_CXXFLAGS_value=
ac_cv_env_CXX_set=
ac_cv_env_CXX_value=
ac_cv_env_LDFLAGS_set=
ac_cv_env_LDFLAGS_value=
ac_cv_env_build_alias_set=
ac_cv_env_build_alias_value=
ac_cv_env_host_alias_set=
ac_cv_env_host_alias_value=
ac_cv_env_target_alias_set=
ac_cv_env_target_alias_value=
ac_cv_header_inttypes_h=yes
ac_cv_header_memory_h=yes
ac_cv_header_selinux_selinux_h=no
ac_cv_header_stdc=yes
ac_cv_header_stdint_h=yes
ac_cv_header_stdlib_h=yes
ac_cv_header_stp_c_interface_h=yes
ac_cv_header_string_h=yes
ac_cv_header_strings_h=yes
ac_cv_header_sys_acl_h=no
ac_cv_header_sys_stat_h=yes
ac_cv_header_sys_types_h=yes
ac_cv_header_unistd_h=yes
ac_cv_host=i686-pc-linux-gnu
ac_cv_lib_stp_vc_setInterfaceFlags=yes
ac_cv_objext=o
ac_cv_path_EGREP='/bin/grep -E'
ac_cv_path_GREP=/bin/grep
ac_cv_prog_CPP='gcc -E'
ac_cv_prog_CXXCPP='g++ -E'
ac_cv_prog_ac_ct_CC=gcc
ac_cv_prog_ac_ct_CXX=g++
ac_cv_prog_cc_c89=
ac_cv_prog_cc_g=yes
ac_cv_prog_cxx_g=yes
ac_cv_target=i686-pc-linux-gnu

## ----------------- ##
## Output variables. ##
## ----------------- ##

CC='gcc'
CFLAGS='-g -O2'
CPP='gcc -E'
CPPFLAGS=''
CXX='g++'
CXXCPP='g++ -E'
CXXFLAGS='-g -O2'
DEFS='-DHAVE_CONFIG_H'
ECHO_C=''
ECHO_N='-n'
ECHO_T=''
EGREP='/bin/grep -E'
ENABLE_EXT_STP='1'
ENABLE_POSIX_RUNTIME='1'
ENABLE_UCLIBC='1'
EXEEXT=''
GREP='/bin/grep'
HAVE_SELINUX='0'
KLEE_UCLIBC=''
LDFLAGS=''
LIBOBJS=''
LIBS='-lstp '
LLVM_IS_RELEASE='1'
LLVM_OBJ='/home/wei/Documents/code/klee2.7/llvm-2.7'
LLVM_SRC='/home/wei/Documents/code/klee2.7/llvm-2.7'
LLVM_VERSION_MAJOR='2'
LLVM_VERSION_MINOR='7'
LTLIBOBJS=''
OBJEXT='o'
PACKAGE_BUGREPORT='daniel@minormatter.com'
PACKAGE_NAME='KLEE'
PACKAGE_STRING='KLEE 0.01'
PACKAGE_TARNAME='-klee-'
PACKAGE_VERSION='0.01'
PATH_SEPARATOR=':'
RUNTIME_CONFIGURATION=''
RUNTIME_ENABLE_OPTIMIZED='1'
SHELL='/bin/bash'
STP_ROOT='/home/wei/Documents/code/klee2.7/stp/stp/install'
ac_ct_CC='gcc'
ac_ct_CXX='g++'
bindir='${exec_prefix}/bin'
build='i686-pc-linux-gnu'
build_alias=''
build_cpu='i686'
build_os='linux-gnu'
build_vendor='pc'
datadir='${datarootdir}'
datarootdir='${prefix}/share'
docdir='${datarootdir}/doc/${PACKAGE_TARNAME}'
dvidir='${docdir}'
exec_prefix='${prefix}'
host='i686-pc-linux-gnu'
host_alias=''
host_cpu='i686'
host_os='linux-gnu'
host_vendor='pc'
htmldir='${docdir}'
includedir='${prefix}/include'
infodir='${datarootdir}/info'
libdir='${exec_prefix}/lib'
libexecdir='${exec_prefix}/libexec'
localedir='${datarootdir}/locale'
localstatedir='${prefix}/var'
mandir='${datarootdir}/man'
oldincludedir='/usr/include'
pdfdir='${docdir}'
prefix='/usr/local'
program_transform_name='s,x,x,'
psdir='${docdir}'
sbindir='${exec_prefix}/sbin'
sharedstatedir='${prefix}/com'
sysconfdir='${prefix}/etc'
target='i686-pc-linux-gnu'
target_alias=''
target_cpu='i686'
target_os='linux-gnu'
target_vendor='pc'

## ----------- ##
## confdefs.h. ##
## ----------- ##

#define PACKAGE_NAME "KLEE"
#define PACKAGE_TARNAME "-klee-"
#define PACKAGE_VERSION "0.01"
#define PACKAGE_STRING "KLEE 0.01"
#define PACKAGE_BUGREPORT "daniel@minormatter.com"
#define LLVM_VERSION_MAJOR 2
#define LLVM_VERSION_MINOR 7
#define LLVM_IS_RELEASE 1
#define KLEE_UCLIBC "/home/wei/Documents/code/klee2.7/klee-uclibc"
#define RUNTIME_CONFIGURATION "Release"
#define HAVE_CTYPE_EXTERNALS 1
#define STDC_HEADERS 1
#define HAVE_SYS_TYPES_H 1
#define HAVE_SYS_STAT_H 1
#define HAVE_STDLIB_H 1
#define HAVE_STRING_H 1
#define HAVE_MEMORY_H 1
#define HAVE_STRINGS_H 1
#define HAVE_INTTYPES_H 1
#define HAVE_STDINT_H 1
#define HAVE_UNISTD_H 1
#define HAVE_LIBSTP 1
#define HAVE_EXT_STP 1

configure: exit 0
